C:\Users\morte\Documents\JavaScript_Trening\Angular2trening\AngularMVC2\AngularMVC2\app\app.component.js
C:\Users\morte\Documents\JavaScript_Trening\Angular2trening\AngularMVC2\AngularMVC2\app\app.component.js.map
C:\Users\morte\Documents\JavaScript_Trening\Angular2trening\AngularMVC2\AngularMVC2\app\app.module.js
C:\Users\morte\Documents\JavaScript_Trening\Angular2trening\AngularMVC2\AngularMVC2\app\app.module.js.map
C:\Users\morte\Documents\JavaScript_Trening\Angular2trening\AngularMVC2\AngularMVC2\app\main.js
C:\Users\morte\Documents\JavaScript_Trening\Angular2trening\AngularMVC2\AngularMVC2\app\main.js.map
C:\Users\morte\Documents\JavaScript_Trening\Angular2trening\AngularMVC2\AngularMVC2\app\app.component.js
C:\Users\morte\Documents\JavaScript_Trening\Angular2trening\AngularMVC2\AngularMVC2\app\app.component.js.map
C:\Users\morte\Documents\JavaScript_Trening\Angular2trening\AngularMVC2\AngularMVC2\app\app.module.js
C:\Users\morte\Documents\JavaScript_Trening\Angular2trening\AngularMVC2\AngularMVC2\app\app.module.js.map
C:\Users\morte\Documents\JavaScript_Trening\Angular2trening\AngularMVC2\AngularMVC2\app\main.js
C:\Users\morte\Documents\JavaScript_Trening\Angular2trening\AngularMVC2\AngularMVC2\app\main.js.map
C:\Users\morte\Documents\JavaScript_Trening\Angular2trening\AngularMVC2\AngularMVC2\app\app.component.js
C:\Users\morte\Documents\JavaScript_Trening\Angular2trening\AngularMVC2\AngularMVC2\app\app.component.js.map
C:\Users\morte\Documents\JavaScript_Trening\Angular2trening\AngularMVC2\AngularMVC2\app\app.module.js
C:\Users\morte\Documents\JavaScript_Trening\Angular2trening\AngularMVC2\AngularMVC2\app\app.module.js.map
C:\Users\morte\Documents\JavaScript_Trening\Angular2trening\AngularMVC2\AngularMVC2\app\main.js
C:\Users\morte\Documents\JavaScript_Trening\Angular2trening\AngularMVC2\AngularMVC2\app\main.js.map
C:\Users\morte\Documents\JavaScript_Trening\Angular2trening\AngularMVC2\AngularMVC2\app\app.component.js
C:\Users\morte\Documents\JavaScript_Trening\Angular2trening\AngularMVC2\AngularMVC2\app\app.component.js.map
C:\Users\morte\Documents\JavaScript_Trening\Angular2trening\AngularMVC2\AngularMVC2\app\app.module.js
C:\Users\morte\Documents\JavaScript_Trening\Angular2trening\AngularMVC2\AngularMVC2\app\app.module.js.map
C:\Users\morte\Documents\JavaScript_Trening\Angular2trening\AngularMVC2\AngularMVC2\app\main.js
C:\Users\morte\Documents\JavaScript_Trening\Angular2trening\AngularMVC2\AngularMVC2\app\main.js.map
C:\Users\morte\Documents\JavaScript_Trening\Angular2trening\AngularMVC2\AngularMVC2\app\app.component.js
C:\Users\morte\Documents\JavaScript_Trening\Angular2trening\AngularMVC2\AngularMVC2\app\app.component.js.map
C:\Users\morte\Documents\JavaScript_Trening\Angular2trening\AngularMVC2\AngularMVC2\app\app.module.js
C:\Users\morte\Documents\JavaScript_Trening\Angular2trening\AngularMVC2\AngularMVC2\app\app.module.js.map
C:\Users\morte\Documents\JavaScript_Trening\Angular2trening\AngularMVC2\AngularMVC2\app\main.js
C:\Users\morte\Documents\JavaScript_Trening\Angular2trening\AngularMVC2\AngularMVC2\app\main.js.map
C:\Users\morte\Documents\JavaScript_Trening\Angular2trening\AngularMVC2\AngularMVC2\app\app.component.js
C:\Users\morte\Documents\JavaScript_Trening\Angular2trening\AngularMVC2\AngularMVC2\app\app.component.js.map
C:\Users\morte\Documents\JavaScript_Trening\Angular2trening\AngularMVC2\AngularMVC2\app\app.module.js
C:\Users\morte\Documents\JavaScript_Trening\Angular2trening\AngularMVC2\AngularMVC2\app\app.module.js.map
C:\Users\morte\Documents\JavaScript_Trening\Angular2trening\AngularMVC2\AngularMVC2\app\main.js
C:\Users\morte\Documents\JavaScript_Trening\Angular2trening\AngularMVC2\AngularMVC2\app\main.js.map
C:\Users\morte\Documents\JavaScript_Trening\Angular2trening\AngularMVC2\AngularMVC2\app\app.component.js
C:\Users\morte\Documents\JavaScript_Trening\Angular2trening\AngularMVC2\AngularMVC2\app\app.component.js.map
C:\Users\morte\Documents\JavaScript_Trening\Angular2trening\AngularMVC2\AngularMVC2\app\app.module.js
C:\Users\morte\Documents\JavaScript_Trening\Angular2trening\AngularMVC2\AngularMVC2\app\app.module.js.map
C:\Users\morte\Documents\JavaScript_Trening\Angular2trening\AngularMVC2\AngularMVC2\app\main.js
C:\Users\morte\Documents\JavaScript_Trening\Angular2trening\AngularMVC2\AngularMVC2\app\main.js.map
C:\Users\morte\Documents\JavaScript_Trening\Angular2trening\AngularMVC2\AngularMVC2\app\app.component.js
C:\Users\morte\Documents\JavaScript_Trening\Angular2trening\AngularMVC2\AngularMVC2\app\app.component.js.map
C:\Users\morte\Documents\JavaScript_Trening\Angular2trening\AngularMVC2\AngularMVC2\app\app.module.js
C:\Users\morte\Documents\JavaScript_Trening\Angular2trening\AngularMVC2\AngularMVC2\app\app.module.js.map
C:\Users\morte\Documents\JavaScript_Trening\Angular2trening\AngularMVC2\AngularMVC2\app\main.js
C:\Users\morte\Documents\JavaScript_Trening\Angular2trening\AngularMVC2\AngularMVC2\app\main.js.map
C:\Users\morte\Documents\JavaScript_Trening\Angular2trening\AngularMVC2\AngularMVC2\app\app.component.js
C:\Users\morte\Documents\JavaScript_Trening\Angular2trening\AngularMVC2\AngularMVC2\app\app.component.js.map
C:\Users\morte\Documents\JavaScript_Trening\Angular2trening\AngularMVC2\AngularMVC2\app\app.module.js
C:\Users\morte\Documents\JavaScript_Trening\Angular2trening\AngularMVC2\AngularMVC2\app\app.module.js.map
C:\Users\morte\Documents\JavaScript_Trening\Angular2trening\AngularMVC2\AngularMVC2\app\main.js
C:\Users\morte\Documents\JavaScript_Trening\Angular2trening\AngularMVC2\AngularMVC2\app\main.js.map
